Build started 2018-11-06 오후 3:27:23.
     1>Project "C:\Users\user\Desktop\CProgramming\CP2014930014\2014930014박현빈\HW3-10\HW3-10.vcxproj" on node 2 (Build target(s)).
     1>Link:
         C:\Program Files (x86)\Microsoft Visual Studio 11.0\VC\bin\link.exe /ERRORREPORT:PROMPT /OUT:"C:\Users\user\Desktop\CProgramming\CP2014930014\2014930014박현빈\Debug\HW3-10.exe" /INCREMENTAL /NOLOGO kernel32.lib user32.lib gdi32.lib winspool.lib comdlg32.lib advapi32.lib shell32.lib ole32.lib oleaut32.lib uuid.lib odbc32.lib odbccp32.lib /MANIFEST /MANIFESTUAC:"level='asInvoker' uiAccess='false'" /manifest:embed /DEBUG /PDB:"C:\Users\user\Desktop\CProgramming\CP2014930014\2014930014박현빈\Debug\HW3-10.pdb" /SUBSYSTEM:CONSOLE /TLBID:1 /DYNAMICBASE /NXCOMPAT /IMPLIB:"C:\Users\user\Desktop\CProgramming\CP2014930014\2014930014박현빈\Debug\HW3-10.lib" /MACHINE:X86 "Debug\HW3예제10번.obj"
     1>MSVCRTD.lib(crtexe.obj) : error LNK2019: unresolved external symbol _main referenced in function ___tmainCRTStartup
     1>C:\Users\user\Desktop\CProgramming\CP2014930014\2014930014박현빈\Debug\HW3-10.exe : fatal error LNK1120: 1 unresolved externals
     1>Done Building Project "C:\Users\user\Desktop\CProgramming\CP2014930014\2014930014박현빈\HW3-10\HW3-10.vcxproj" (Build target(s)) -- FAILED.

Build FAILED.

Time Elapsed 00:00:00.22
